[    0.000000] Linux version 4.15.0-212-generic (buildd@lcy02-amd64-083) (gcc version 7.5.0 (Ubuntu 7.5.0-3ubuntu1~18.04)) #223-Ubuntu SMP Tue May 23 13:09:22 UTC 2023 (Ubuntu 4.15.0-212.223-generic 4.15.18)
[    0.000000] Command line: BOOT_IMAGE=/boot/vmlinuz-4.15.0-212-generic root=LABEL=cloudimg-rootfs ro console=tty1 console=ttyS0
[    0.000000] KERNEL supported cpus:
[    0.000000]   Intel GenuineIntel
[    0.000000]   AMD AuthenticAMD
[    0.000000]   Centaur CentaurHauls
[    0.000000] x86/fpu: x87 FPU will use FXSAVE
[    0.000000] e820: BIOS-provided physical RAM map:
[    0.000000] BIOS-e820: [mem 0x0000000000000000-0x000000000009fbff] usable
[    0.000000] BIOS-e820: [mem 0x000000000009fc00-0x000000000009ffff] reserved
[    0.000000] BIOS-e820: [mem 0x00000000000f0000-0x00000000000fffff] reserved
[    0.000000] BIOS-e820: [mem 0x0000000000100000-0x000000003ffeffff] usable
[    0.000000] BIOS-e820: [mem 0x000000003fff0000-0x000000003fffffff] ACPI data
[    0.000000] BIOS-e820: [mem 0x00000000fec00000-0x00000000fec00fff] reserved
[    0.000000] BIOS-e820: [mem 0x00000000fee00000-0x00000000fee00fff] reserved
[    0.000000] BIOS-e820: [mem 0x00000000fffc0000-0x00000000ffffffff] reserved
[    0.000000] NX (Execute Disable) protection: active
[    0.000000] SMBIOS 2.5 present.
[    0.000000] DMI: innotek GmbH VirtualBox/VirtualBox, BIOS VirtualBox 12/01/2006
[    0.000000] Hypervisor detected: KVM
[    0.000000] e820: last_pfn = 0x3fff0 max_arch_pfn = 0x400000000
[    0.000000] x86/PAT: Configuration [0-7]: WB  WC  UC- UC  WB  WP  UC- WT  
[    0.000000] CPU MTRRs all blank - virtualized system.
[    0.000000] found SMP MP-table at [mem 0x0009fbf0-0x0009fbff]
[    0.000000] Scanning 1 areas for low memory corruption
[    0.000000] RAMDISK: [mem 0x359cb000-0x36cdcfff]
[    0.000000] ACPI: Early table checksum verification disabled
[    0.000000] ACPI: RSDP 0x00000000000E0000 000024 (v02 VBOX  )
[    0.000000] ACPI: XSDT 0x000000003FFF0030 00003C (v01 VBOX   VBOXXSDT 00000001 ASL  00000061)
[    0.000000] ACPI: FACP 0x000000003FFF00F0 0000F4 (v04 VBOX   VBOXFACP 00000001 ASL  00000061)
[    0.000000] ACPI: DSDT 0x000000003FFF0610 002353 (v02 VBOX   VBOXBIOS 00000002 INTL 20100528)
[    0.000000] ACPI: FACS 0x000000003FFF0200 000040
[    0.000000] ACPI: FACS 0x000000003FFF0200 000040
[    0.000000] ACPI: APIC 0x000000003FFF0240 00005C (v02 VBOX   VBOXAPIC 00000001 ASL  00000061)
[    0.000000] ACPI: SSDT 0x000000003FFF02A0 00036C (v01 VBOX   VBOXCPUT 00000002 INTL 20100528)
[    0.000000] ACPI: Reserving FACP table memory at [mem 0x3fff00f0-0x3fff01e3]
[    0.000000] ACPI: Reserving DSDT table memory at [mem 0x3fff0610-0x3fff2962]
[    0.000000] ACPI: Reserving FACS table memory at [mem 0x3fff0200-0x3fff023f]
[    0.000000] ACPI: Reserving FACS table memory at [mem 0x3fff0200-0x3fff023f]
[    0.000000] ACPI: Reserving APIC table memory at [mem 0x3fff0240-0x3fff029b]
[    0.000000] ACPI: Reserving SSDT table memory at [mem 0x3fff02a0-0x3fff060b]
[    0.000000] No NUMA configuration found
[    0.000000] Faking a node at [mem 0x0000000000000000-0x000000003ffeffff]
[    0.000000] NODE_DATA(0) allocated [mem 0x3ffc5000-0x3ffeffff]
[    0.000000] kvm-clock: cpu 0, msr 0:3ff44001, primary cpu clock
[    0.000000] kvm-clock: Using msrs 4b564d01 and 4b564d00
[    0.000000] kvm-clock: using sched offset of 3802735354 cycles
[    0.000000] clocksource: kvm-clock: mask: 0xffffffffffffffff max_cycles: 0x1cd42e4dffb, max_idle_ns: 881590591483 ns
[    0.000000] Zone ranges:
[    0.000000]   DMA      [mem 0x0000000000001000-0x0000000000ffffff]
[    0.000000]   DMA32    [mem 0x0000000001000000-0x000000003ffeffff]
[    0.000000]   Normal   empty
[    0.000000]   Device   empty
[    0.000000] Movable zone start for each node
[    0.000000] Early memory node ranges
[    0.000000]   node   0: [mem 0x0000000000001000-0x000000000009efff]
[    0.000000]   node   0: [mem 0x0000000000100000-0x000000003ffeffff]
[    0.000000] Reserved but unavailable: 104 pages
[    0.000000] Initmem setup node 0 [mem 0x0000000000001000-0x000000003ffeffff]
[    0.000000] ACPI: PM-Timer IO Port: 0x4008
[    0.000000] IOAPIC[0]: apic_id 2, version 32, address 0xfec00000, GSI 0-23
[    0.000000] ACPI: INT_SRC_OVR (bus 0 bus_irq 0 global_irq 2 dfl dfl)
[    0.000000] ACPI: INT_SRC_OVR (bus 0 bus_irq 9 global_irq 9 low level)
[    0.000000] Using ACPI (MADT) for SMP configuration information
[    0.000000] smpboot: Allowing 2 CPUs, 0 hotplug CPUs
[    0.000000] PM: Registered nosave memory: [mem 0x00000000-0x00000fff]
[    0.000000] PM: Registered nosave memory: [mem 0x0009f000-0x0009ffff]
[    0.000000] PM: Registered nosave memory: [mem 0x000a0000-0x000effff]
[    0.000000] PM: Registered nosave memory: [mem 0x000f0000-0x000fffff]
[    0.000000] e820: [mem 0x40000000-0xfebfffff] available for PCI devices
[    0.000000] Booting paravirtualized kernel on KVM
[    0.000000] clocksource: refined-jiffies: mask: 0xffffffff max_cycles: 0xffffffff, max_idle_ns: 7645519600211568 ns
[    0.000000] setup_percpu: NR_CPUS:8192 nr_cpumask_bits:2 nr_cpu_ids:2 nr_node_ids:1
[    0.000000] percpu: Embedded 50 pages/cpu s167936 r8192 d28672 u1048576
[    0.000000] PV qspinlock hash table entries: 256 (order: 0, 4096 bytes)
[    0.000000] Built 1 zonelists, mobility grouping on.  Total pages: 257913
[    0.000000] Policy zone: DMA32
[    0.000000] Kernel command line: BOOT_IMAGE=/boot/vmlinuz-4.15.0-212-generic root=LABEL=cloudimg-rootfs ro console=tty1 console=ttyS0
[    0.000000] Memory: 982644K/1048120K available (12300K kernel code, 2477K rwdata, 4324K rodata, 2480K init, 2720K bss, 65476K reserved, 0K cma-reserved)
[    0.000000] SLUB: HWalign=64, Order=0-3, MinObjects=0, CPUs=2, Nodes=1
[    0.000000] ftrace: allocating 39508 entries in 155 pages
[    0.004000] Hierarchical RCU implementation.
[    0.004000] 	RCU restricting CPUs from NR_CPUS=8192 to nr_cpu_ids=2.
[    0.004000] 	Tasks RCU enabled.
[    0.004000] RCU: Adjusting geometry for rcu_fanout_leaf=16, nr_cpu_ids=2
[    0.004000] NR_IRQS: 524544, nr_irqs: 440, preallocated irqs: 16
[    0.004000] random: crng init done
[    0.004000] Console: colour VGA+ 80x25
[    0.004000] console [tty1] enabled
[    0.004000] console [ttyS0] enabled
[    0.004000] ACPI: Core revision 20170831
[    0.004000] ACPI: 2 ACPI AML tables successfully acquired and loaded
[    0.004000] APIC: Switch to symmetric I/O mode setup
[    0.004000] ..TIMER: vector=0x30 apic1=0 pin1=2 apic2=-1 pin2=-1
[    0.004000] tsc: Detected 3187.212 MHz processor
[    0.004000] Calibrating delay loop (skipped) preset value.. 6374.42 BogoMIPS (lpj=12748848)
[    0.004005] pid_max: default: 32768 minimum: 301
[    0.008077] Security Framework initialized
[    0.012002] Yama: becoming mindful.
[    0.016091] AppArmor: AppArmor initialized
[    0.025307] Dentry cache hash table entries: 131072 (order: 8, 1048576 bytes)
[    0.032588] Inode-cache hash table entries: 65536 (order: 7, 524288 bytes)
[    0.036071] Mount-cache hash table entries: 2048 (order: 2, 16384 bytes)
[    0.044003] Mountpoint-cache hash table entries: 2048 (order: 2, 16384 bytes)
[    0.049928] Last level iTLB entries: 4KB 0, 2MB 0, 4MB 0
[    0.052002] Last level dTLB entries: 4KB 0, 2MB 0, 4MB 0, 1GB 0
[    0.056005] Spectre V1 : Mitigation: usercopy/swapgs barriers and __user pointer sanitization
[    0.060003] Spectre V2 : Mitigation: Enhanced IBRS
[    0.064001] Spectre V2 : Spectre v2 / SpectreRSB mitigation: Filling RSB on context switch
[    0.068002] Spectre V2 : Spectre v2 / PBRSB-eIBRS: Retire a single CALL on VMEXIT
[    0.076001] RETBleed: Mitigation: Enhanced IBRS
[    0.079400] Speculative Store Bypass: Vulnerable
[    0.080183] Freeing SMP alternatives memory: 36K
[    0.212147] APIC calibration not consistent with PM-Timer: 108ms instead of 100ms
[    0.216000] APIC delta adjusted to PM-Timer: 6420105 (6954173)
[    0.216437] smpboot: CPU0: 11th Gen Intel(R) Core(TM) i5-11320H @ 3.20GHz (family: 0x6, model: 0x8c, stepping: 0x2)
[    0.220331] Performance Events: unsupported p6 CPU model 140 no PMU driver, software events only.
[    0.224087] Hierarchical SRCU implementation.
[    0.228777] NMI watchdog: Perf event create on CPU 0 failed with -2
[    0.232002] NMI watchdog: Perf NMI watchdog permanently disabled
[    0.236276] smp: Bringing up secondary CPUs ...
[    0.240740] x86: Booting SMP configuration:
[    0.244002] .... node  #0, CPUs:      #1
[    0.004000] kvm-clock: cpu 1, msr 0:3ff44041, secondary cpu clock
[    0.255995] TSC synchronization [CPU#0 -> CPU#1]:
[    0.256000] Measured 64334 cycles TSC warp between CPUs, turning off TSC clock.
[    0.256000] tsc: Marking TSC unstable due to check_tsc_sync_source failed
[    0.260267] smp: Brought up 1 node, 2 CPUs
[    0.264003] smpboot: Max logical packages: 1
[    0.266784] smpboot: Total of 2 processors activated (12748.84 BogoMIPS)
[    0.272395] devtmpfs: initialized
[    0.274893] x86/mm: Memory block size: 128MB
[    0.276319] evm: security.selinux
[    0.280002] evm: security.SMACK64
[    0.284001] evm: security.SMACK64EXEC
[    0.286667] evm: security.SMACK64TRANSMUTE
[    0.288002] evm: security.SMACK64MMAP
[    0.290741] evm: security.apparmor
[    0.292001] evm: security.ima
[    0.294218] evm: security.capability
[    0.296374] clocksource: jiffies: mask: 0xffffffff max_cycles: 0xffffffff, max_idle_ns: 7645041785100000 ns
[    0.304021] futex hash table entries: 512 (order: 3, 32768 bytes)
[    0.312453] pinctrl core: initialized pinctrl subsystem
[    0.316553] RTC time:  7:45:10, date: 12/03/24
[    0.321024] NET: Registered protocol family 16
[    0.324094] audit: initializing netlink subsys (disabled)
[    0.328167] audit: type=2000 audit(1733211915.950:1): state=initialized audit_enabled=0 res=1
[    0.336005] cpuidle: using governor ladder
[    0.340007] cpuidle: using governor menu
[    0.342899] ACPI: bus type PCI registered
[    0.344002] acpiphp: ACPI Hot Plug PCI Controller Driver version: 0.5
[    0.348436] PCI: Using configuration type 1 for base access
[    0.356288] HugeTLB registered 2.00 MiB page size, pre-allocated 0 pages
[    0.364389] ACPI: Added _OSI(Module Device)
[    0.368002] ACPI: Added _OSI(Processor Device)
[    0.372002] ACPI: Added _OSI(3.0 _SCP Extensions)
[    0.375396] ACPI: Added _OSI(Processor Aggregator Device)
[    0.376007] ACPI: Added _OSI(Linux-Dell-Video)
[    0.380002] ACPI: Added _OSI(Linux-Lenovo-NV-HDMI-Audio)
[    0.383934] ACPI: Added _OSI(Linux-HPI-Hybrid-Graphics)
[    0.384737] ACPI: Executed 1 blocks of module-level executable AML code
[    0.394979] ACPI: Interpreter enabled
[    0.396011] ACPI: (supports S0 S5)
[    0.398590] ACPI: Using IOAPIC for interrupt routing
[    0.400400] PCI: Using host bridge windows from ACPI; if necessary, use "pci=nocrs" and report a bug
[    0.404223] ACPI: Enabled 2 GPEs in block 00 to 07
[    0.418209] ACPI: PCI Root Bridge [PCI0] (domain 0000 [bus 00-ff])
[    0.420006] acpi PNP0A03:00: _OSC: OS supports [ASPM ClockPM Segments MSI]
[    0.428180] acpi PNP0A03:00: _OSC: not requesting OS control; OS requires [ExtendedConfig ASPM ClockPM MSI]
[    0.432010] acpi PNP0A03:00: fail to add MMCONFIG information, can't access extended PCI configuration space under this bridge.
[    0.440380] PCI host bridge to bus 0000:00
[    0.443417] pci_bus 0000:00: root bus resource [io  0x0000-0x0cf7 window]
[    0.444003] pci_bus 0000:00: root bus resource [io  0x0d00-0xffff window]
[    0.448003] pci_bus 0000:00: root bus resource [mem 0x000a0000-0x000bffff window]
[    0.452003] pci_bus 0000:00: root bus resource [mem 0x40000000-0xfdffffff window]
[    0.456003] pci_bus 0000:00: root bus resource [bus 00-ff]
[    0.462590] pci 0000:00:01.1: legacy IDE quirk: reg 0x10: [io  0x01f0-0x01f7]
[    0.464003] pci 0000:00:01.1: legacy IDE quirk: reg 0x14: [io  0x03f6]
[    0.468002] pci 0000:00:01.1: legacy IDE quirk: reg 0x18: [io  0x0170-0x0177]
[    0.472002] pci 0000:00:01.1: legacy IDE quirk: reg 0x1c: [io  0x0376]
[    0.497786] pci 0000:00:07.0: quirk: [io  0x4000-0x403f] claimed by PIIX4 ACPI
[    0.500026] pci 0000:00:07.0: quirk: [io  0x4100-0x410f] claimed by PIIX4 SMB
[    0.513051] ACPI: PCI Interrupt Link [LNKA] (IRQs 5 9 10 *11)
[    0.516592] ACPI: PCI Interrupt Link [LNKB] (IRQs 5 9 *10 11)
[    0.520182] ACPI: PCI Interrupt Link [LNKC] (IRQs 5 *9 10 11)
[    0.524190] ACPI: PCI Interrupt Link [LNKD] (IRQs 5 9 10 *11)
[    0.528694] SCSI subsystem initialized
[    0.532298] pci 0000:00:02.0: vgaarb: setting as boot VGA device
[    0.536000] pci 0000:00:02.0: vgaarb: VGA device added: decodes=io+mem,owns=io+mem,locks=none
[    0.536006] pci 0000:00:02.0: vgaarb: bridge control possible
[    0.540002] vgaarb: loaded
[    0.542155] ACPI: bus type USB registered
[    0.544015] usbcore: registered new interface driver usbfs
[    0.548051] usbcore: registered new interface driver hub
[    0.552008] usbcore: registered new device driver usb
[    0.560302] EDAC MC: Ver: 3.0.0
[    0.568190] PCI: Using ACPI for IRQ routing
[    0.573084] NetLabel: Initializing
[    0.576003] NetLabel:  domain hash size = 128
[    0.580002] NetLabel:  protocols = UNLABELED CIPSOv4 CALIPSO
[    0.584020] NetLabel:  unlabeled traffic allowed by default
[    0.588288] clocksource: Switched to clocksource kvm-clock
[    0.610748] VFS: Disk quotas dquot_6.6.0
[    0.610748] VFS: Dquot-cache hash table entries: 512 (order 0, 4096 bytes)
[    0.610748] AppArmor: AppArmor Filesystem Enabled
[    0.610748] pnp: PnP ACPI init
[    0.610748] pnp: PnP ACPI: found 3 devices
[    0.683797] clocksource: acpi_pm: mask: 0xffffff max_cycles: 0xffffff, max_idle_ns: 2085701024 ns
[    0.684153] NET: Registered protocol family 2
[    0.684153] IP idents hash table entries: 16384 (order: 5, 131072 bytes)
[    0.700146] TCP established hash table entries: 8192 (order: 4, 65536 bytes)
[    0.705620] TCP bind hash table entries: 8192 (order: 5, 131072 bytes)
[    0.711038] TCP: Hash tables configured (established 8192 bind 8192)
[    0.714522] UDP hash table entries: 512 (order: 2, 16384 bytes)
[    0.714522] UDP-Lite hash table entries: 512 (order: 2, 16384 bytes)
[    0.714522] NET: Registered protocol family 1
[    0.714522] pci 0000:00:00.0: Limiting direct PCI/PCI transfers
[    0.714522] pci 0000:00:01.0: Activating ISA DMA hang workarounds
[    0.714522] pci 0000:00:02.0: Video device with shadowed ROM at [mem 0x000c0000-0x000dffff]
[    0.714522] Unpacking initramfs...
[    0.714522] Freeing initrd memory: 19528K
[    0.714522] clocksource: tsc: mask: 0xffffffffffffffff max_cycles: 0x2df119cc786, max_idle_ns: 440795330968 ns
[    0.714522] platform rtc_cmos: registered platform RTC device (no PNP device found)
[    0.714522] Scanning for low memory corruption every 60 seconds
[    1.180632] Initialise system trusted keyrings
[    1.183734] Key type blacklist registered
[    1.187450] workingset: timestamp_bits=36 max_order=18 bucket_order=0
[    1.193651] zbud: loaded
[    1.196840] squashfs: version 4.0 (2009/01/31) Phillip Lougher
[    1.205212] fuse init (API version 7.26)
[    1.227193] Key type asymmetric registered
[    1.229743] Asymmetric key parser 'x509' registered
[    1.232992] Block layer SCSI generic (bsg) driver version 0.4 loaded (major 246)
[    1.238115] io scheduler noop registered
[    1.240919] io scheduler deadline registered
[    1.243833] io scheduler cfq registered (default)
[    1.247703] ACPI: AC Adapter [AC] (on-line)
[    1.250658] input: Power Button as /devices/LNXSYSTM:00/LNXPWRBN:00/input/input0
[    1.256318] ACPI: Power Button [PWRF]
[    1.258844] input: Sleep Button as /devices/LNXSYSTM:00/LNXSLPBN:00/input/input1
[    1.263344] ACPI: Sleep Button [SLPF]
[    1.269790] ACPI: Battery Slot [BAT0] (battery present)
[    1.274386] Serial: 8250/16550 driver, 32 ports, IRQ sharing enabled
[    1.304735] 00:02: ttyS0 at I/O 0x3f8 (irq = 4, base_baud = 115200) is a 16550A
[    1.325452] Linux agpgart interface v0.103
[    1.339006] loop: module loaded
[    1.345831] scsi host0: ata_piix
[    1.349854] scsi host1: ata_piix
[    1.352480] ata1: PATA max UDMA/33 cmd 0x1f0 ctl 0x3f6 bmdma 0xd000 irq 14
[    1.357825] ata2: PATA max UDMA/33 cmd 0x170 ctl 0x376 bmdma 0xd008 irq 15
[    1.363045] tun: Universal TUN/TAP device driver, 1.6
[    1.367330] PPP generic driver version 2.4.2
[    1.370879] ehci_hcd: USB 2.0 'Enhanced' Host Controller (EHCI) Driver
[    1.375669] ehci-pci: EHCI PCI platform driver
[    1.379059] ehci-platform: EHCI generic platform driver
[    1.382765] ohci_hcd: USB 1.1 'Open' Host Controller (OHCI) Driver
[    1.387331] ohci-pci: OHCI PCI platform driver
[    1.390731] ohci-platform: OHCI generic platform driver
[    1.394692] uhci_hcd: USB Universal Host Controller Interface driver
[    1.399858] i8042: PNP: PS/2 Controller [PNP0303:PS2K,PNP0f03:PS2M] at 0x60,0x64 irq 1,12
[    1.409358] serio: i8042 KBD port at 0x60,0x64 irq 1
[    1.413255] serio: i8042 AUX port at 0x60,0x64 irq 12
[    1.417435] mousedev: PS/2 mouse device common for all mice
[    1.423579] rtc_cmos rtc_cmos: rtc core: registered rtc_cmos as rtc0
[    1.428987] input: AT Translated Set 2 keyboard as /devices/platform/i8042/serio0/input/input2
[    1.435327] rtc_cmos rtc_cmos: alarms up to one day, 114 bytes nvram
[    1.440311] i2c /dev entries driver
[    1.443005] device-mapper: uevent: version 1.0.3
[    1.446967] device-mapper: ioctl: 4.37.0-ioctl (2017-09-20) initialised: dm-devel@redhat.com
[    1.454663] ledtrig-cpu: registered to indicate activity on CPUs
[    1.461228] NET: Registered protocol family 10
[    1.473537] Segment Routing with IPv6
[    1.476620] NET: Registered protocol family 17
[    1.480593] Key type dns_resolver registered
[    1.484599] mce: Using 0 MCE banks
[    1.487435] RAS: Correctable Errors collector initialized.
[    1.491824] sched_clock: Marking stable (1491777064, 0)->(2283048431, -791271367)
[    1.501518] registered taskstats version 1
[    1.505905] Loading compiled-in X.509 certificates
[    1.513541] Loaded X.509 cert 'Build time autogenerated kernel key: b5b26778eaa3ab3a4a6cee031137706e947d12ad'
[    1.524929] Loaded X.509 cert 'Canonical Ltd. Live Patch Signing: 14df34d1a87cf37625abec039ef2bf521249b969'
[    1.534819] Loaded X.509 cert 'Canonical Ltd. Kernel Module Signing: 88f752e560a1e0737e31163a466ad7b70a850c19'
[    1.543360] blacklist: Loading compiled-in revocation X.509 certificates
[    1.549183] Loaded X.509 cert 'Canonical Ltd. Secure Boot Signing: 61482aa2830d0ab2ad5af10b7250da9033ddcef0'
[    1.557950] Loaded X.509 cert 'Canonical Ltd. Secure Boot Signing (2017): 242ade75ac4a15e50d50c84b0d45ff3eae707a03'
[    1.568544] Loaded X.509 cert 'Canonical Ltd. Secure Boot Signing (ESM 2018): 365188c1d374d6b07c3c8f240f8ef722433d6a8b'
[    1.579068] Loaded X.509 cert 'Canonical Ltd. Secure Boot Signing (2019): c0746fd6c5da3ae827864651ad66ae47fe24b3e8'
[    1.588934] Loaded X.509 cert 'Canonical Ltd. Secure Boot Signing (2021 v1): a8d54bbb3825cfb94fa13c9f8a594a195c107b8d'
[    1.597406] Loaded X.509 cert 'Canonical Ltd. Secure Boot Signing (2021 v2): 4cf046892d6fd3c9a5b03f98d845f90851dc6a8c'
[    1.605178] Loaded X.509 cert 'Canonical Ltd. Secure Boot Signing (2021 v3): 100437bb6de6e469b581e61cd66bce3ef4ed53af'
[    1.612939] Loaded X.509 cert 'Canonical Ltd. Secure Boot Signing (Ubuntu Core 2019): c1d57b8f6b743f23ee41f4f7ee292f06eecadfb9'
[    1.621388] zswap: loaded using pool lzo/zbud
[    1.632430] Key type big_key registered
[    1.635249] Key type trusted registered
[    1.642131] Key type encrypted registered
[    1.645204] AppArmor: AppArmor sha1 policy hashing enabled
[    1.649268] ima: No TPM chip found, activating TPM-bypass! (rc=-19)
[    1.653826] ima: Allocated hash algorithm: sha1
[    1.657296] evm: HMAC attrs: 0x1
[    1.660463]   Magic number: 4:239:773
[    1.663440] rtc_cmos rtc_cmos: setting system clock to 2024-12-03 07:45:12 UTC (1733211912)
[    1.669848] BIOS EDD facility v0.16 2004-Jun-25, 0 devices found
[    1.674257] EDD information not available.
[    1.679891] Freeing unused kernel image memory: 2480K
[    1.709007] Write protecting the kernel read-only data: 20480k
[    1.719073] Freeing unused kernel image memory: 2008K
[    1.724346] Freeing unused kernel image memory: 1820K
[    1.732553] x86/mm: Checked W+X mappings: passed, no W+X pages found.
Loading, please wait...
starting version 237
[    1.819517] e1000: Intel(R) PRO/1000 Network Driver - version 7.3.21-k8-NAPI
[    1.827498] e1000: Copyright (c) 1999-2006 Intel Corporation.
[    1.834083] Fusion MPT base driver 3.04.20
[    1.838250] Copyright (c) 1999-2008 LSI Corporation
[    1.890435] Fusion MPT SPI Host driver 3.04.20
[    1.897430] SSE version of gcm_enc/dec engaged.
[    2.122903] input: ImExPS/2 Generic Explorer Mouse as /devices/platform/i8042/serio1/input/input4
[    2.866102] e1000 0000:00:03.0 eth0: (PCI:33MHz:32-bit) 02:3b:7b:b7:3b:2d
[    2.871231] e1000 0000:00:03.0 eth0: Intel(R) PRO/1000 Network Connection
[    2.878535] e1000 0000:00:03.0 enp0s3: renamed from eth0
[    2.883215] mptbase: ioc0: Initiating bringup
[    3.036207] ioc0: LSI53C1030 A0: Capabilities={Initiator}
[    3.540638] scsi host2: ioc0: LSI53C1030 A0, FwRev=00000000h, Ports=1, MaxQ=256, IRQ=20
[    4.215328] scsi 2:0:0:0: Direct-Access     VBOX     HARDDISK         1.0  PQ: 0 ANSI: 5
[    4.268219] scsi target2:0:0: Beginning Domain Validation
[    4.284945] scsi target2:0:0: Domain Validation skipping write tests
[    4.290746] scsi target2:0:0: Ending Domain Validation
[    4.296282] scsi target2:0:0: asynchronous
[    4.303395] scsi 2:0:1:0: Direct-Access     VBOX     HARDDISK         1.0  PQ: 0 ANSI: 5
[    4.340592] scsi target2:0:1: Beginning Domain Validation
[    4.366627] scsi target2:0:1: Domain Validation skipping write tests
[    4.377969] scsi target2:0:1: Ending Domain Validation
[    4.386959] scsi target2:0:1: asynchronous
[    4.409997] sd 2:0:0:0: Attached scsi generic sg0 type 0
[    4.419469] sd 2:0:1:0: Attached scsi generic sg1 type 0
[    4.429692] sd 2:0:0:0: [sda] 83886080 512-byte logical blocks: (42.9 GB/40.0 GiB)
[    4.440966] sd 2:0:1:0: [sdb] 20480 512-byte logical blocks: (10.5 MB/10.0 MiB)
[    4.450165] sd 2:0:0:0: [sda] Write Protect is off
[    4.454731] sd 2:0:1:0: [sdb] Write Protect is off
[    4.459911] sd 2:0:0:0: [sda] Incomplete mode parameter data
[    4.465320] sd 2:0:0:0: [sda] Assuming drive cache: write through
[    4.465821] sd 2:0:1:0: [sdb] Incomplete mode parameter data
[    4.475239] sd 2:0:1:0: [sdb] Assuming drive cache: write through
[    4.484684]  sda: sda1
[    4.491123] sd 2:0:0:0: [sda] Attached SCSI disk
[    4.496543] sd 2:0:1:0: [sdb] Attached SCSI disk
Begin: Loading essential drivers ... [    6.466025] raid6: sse2x1   gen() 21766 MB/s
[    7.458624] raid6: sse2x1   xor() 166637 MB/s
[    9.460508] raid6: sse2x2   gen() 277966 MB/s
[   11.477166] raid6: sse2x2   xor() 251376 MB/s
[   11.534160] raid6: sse2x4   gen() 12524 MB/s
[   11.596905] raid6: sse2x4   xor()  9120 MB/s
[   11.604560] raid6: using algorithm sse2x2 gen() 277966 MB/s
[   11.611578] raid6: .... xor() 251376 MB/s, rmw enabled
[   11.616396] raid6: using ssse3x2 recovery algorithm
[   11.622974] xor: measuring software checksum speed
[   11.733094]    prefetch64-sse: 49900.000 MB/sec
[   11.836891]    generic_sse: 45915.000 MB/sec
[   11.840241] xor: using function: prefetch64-sse (49900.000 MB/sec)
[   11.846614] async_tx: api initialized (async)
done.
Begin: Running /scripts/init-premount ... done.
Begin: Mounting root file system ... Begin: Running /scripts/local-top ... done.
Begin: Running /scripts/local-premount ... [   11.903139] Btrfs loaded, crc32c=crc32c-intel
Scanning for Btrfs filesystems
done.
Warning: fsck not present, so skipping root file system
[   11.955857] EXT4-fs (sda1): INFO: recovery required on readonly filesystem
[   11.961551] EXT4-fs (sda1): write access will be enabled during recovery
[   11.988698] EXT4-fs (sda1): recovery complete
[   11.992997] EXT4-fs (sda1): mounted filesystem with ordered data mode. Opts: (null)
done.
Begin: Running /scripts/local-bottom ... done.
Begin: Running /scripts/init-bottom ... done.
[   12.183607] ip_tables: (C) 2000-2006 Netfilter Core Team
[   12.203602] systemd[1]: systemd 237 running in system mode. (+PAM +AUDIT +SELINUX +IMA +APPARMOR +SMACK +SYSVINIT +UTMP +LIBCRYPTSETUP +GCRYPT +GNUTLS +ACL +XZ +LZ4 +SECCOMP +BLKID +ELFUTILS +KMOD -IDN2 +IDN -PCRE2 default-hierarchy=hybrid)
[   12.218700] systemd[1]: Detected virtualization oracle.
[   12.222616] systemd[1]: Detected architecture x86-64.

Welcome to [1mUbuntu 18.04.6 LTS[0m!

[   12.261610] systemd[1]: Set hostname to <ubuntu-bionic>.
[   12.535062] systemd[1]: Reached target Mounting snaps.
[[0;32m  OK  [0m] Reached target Mounting snaps.
[   12.540704] systemd[1]: Reached target User and Group Name Lookups.
[[0;32m  OK  [0m] Reached target User and Group Name Lookups.
[   12.547053] systemd[1]: Reached target System Time Synchronized.
[[0;32m  OK  [0m] Reached target System Time Synchronized.
[   12.553551] systemd[1]: Reached target Swap.
[[0;32m  OK  [0m] Reached target Swap.
[   12.558098] systemd[1]: Reached target Mounted snaps.
[[0;32m  OK  [0m] Reached target Mounted snaps.
[   12.563594] systemd[1]: Started Forward Password Requests to Wall Directory Watch.
[[0;32m  OK  [0m] Started Forward Password Requests to Wall Directory Watch.
[[0;32m  OK  [0m] Set up automount Arbitrary Executab…rmats File System Automount Point.
[[0;32m  OK  [0m] Created slice User and Session Slice.
[[0;32m  OK  [0m] Created slice System Slice.
[[0;32m  OK  [0m] Listening on /dev/initctl Compatibility Named Pipe.
[[0;32m  OK  [0m] Listening on Journal Socket.
         Mounting Huge Pages File System...
[[0;32m  OK  [0m] Listening on LVM2 metadata daemon socket.
         Mounting Kernel Debug File System...
[[0;32m  OK  [0m] Listening on Journal Audit Socket.
[[0;32m  OK  [0m] Listening on Network Service Netlink Socket.
         Starting Create list of required st…ce nodes for the current kernel...
         Starting Load Kernel Modules...
[[0;32m  OK  [0m] Listening on Syslog Socket.
[[0;32m  OK  [0m] Listening on fsck to fsckd communication Socket.
[[0;32m  OK  [0m] Created slice system-serial\x2dgetty.slice.
         Starting Set the console keyboard layout...
[[0;32m  OK  [0m] Listening on Journal Socket (/dev/log).
         Starting Journal Service...
[[0;32m  OK  [0m] Reached target Slices.
         Starting File System Check on Root Device...
         Starting Uncomplicated firewall...
[[0;32m  OK  [0m] Listening on udev Kernel Socket.
[[0;32m  OK  [0m] Listening on udev Control Socket.[   12.662701] Loading iSCSI transport class v2.0-870.

         Starting udev Coldplug all Devices...
         Mounting POSIX Message Queue File System...
[[0;32m  OK  [0m] Listening on LVM2 poll daemon socket.
[[0;32m  OK  [0m] Listening on Device-mapper event daemon FIFOs.
         Starting Monitoring of LVM2 mirrors…ng dmeventd or progress polling...
[[0;32m  OK  [0m] Mounted Huge Pages File System.
[[0;32m  OK  [0m] Mounted Kernel Debug File System.
[[0;32m  OK  [0m] Started Create list of required sta…vice nodes for the current kernel.
[[0;32m  OK  [0m] Started File System Check Daemon to report status.
         Starting Create Static Device Nodes in /dev...
[[0;32m  OK  [0m] Mounted POSIX Message Queue File System.
[[0;32m  OK  [0m] Started Uncomplicated firewall.
[[0;32m  OK  [0m] Started Journal Service.
[[0;32m  OK  [0m] Started udev Coldplug all Devices.
[[0;32m  OK  [0m] Started LVM2 metadata daemon.
[[0;32m  OK  [0m] Started Create Static Device Nodes in /dev.
[   12.798286] iscsi: registered transport (tcp)
[   12.826646] iscsi: registered transport (iser)
[[0;32m  OK  [0m] Started Load Kernel Modules.
         Mounting FUSE Control File System...
         Starting Apply Kernel Variables...
         Mounting Kernel Configuration File System...
[[0;32m  OK  [0m] Mounted FUSE Control File System.
[[0;32m  OK  [0m] Started File System Check on Root Device.
[[0;32m  OK  [0m] Mounted Kernel Configuration File System.
         Starting Remount Root and Kernel File Systems...
[[0;32m  OK  [0m] Started Apply Kernel Variables.
[[0;32m  OK  [0m] Started Remount Root and Kernel File Systems.
         Starting Flush Journal to Persistent Storage...
         Starting udev Kernel Device Manager...
         Starting Load/Save Random Seed...
[[0;32m  OK  [0m] Started Monitoring of LVM2 mirrors,…sing dmeventd or progress polling.
[[0;32m  OK  [0m] Started Load/Save Random Seed.
[[0;32m  OK  [0m] Started udev Kernel Device Manager.
[[0;32m  OK  [0m] Started Set the console keyboard layout.
[[0;32m  OK  [0m] Started Dispatch Password Requests to Console Directory Watch.
[[0;32m  OK  [0m] Reached target Local Encrypted Volumes.
[[0;32m  OK  [0m] Reached target Local File Systems (Pre).
[[0;32m  OK  [0m] Reached target Local File Systems.
         Starting ebtables ruleset management...
         Starting Set console font and keymap...
         Starting Tell Plymouth To Write Out Runtime Data...
         Starting AppArmor initialization...
[[0;32m  OK  [0m] Started Set console font and keymap.
[[0;32m  OK  [0m] Started Flush Journal to Persistent Storage.
         Starting Create Volatile Files and Directories...
[[0;32m  OK  [0m] Started Tell Plymouth To Write Out Runtime Data.
[[0;32m  OK  [0m] Started Create Volatile Files and Directories.
         Starting Update UTMP about System Boot/Shutdown...
[[0;32m  OK  [0m] Started Update UTMP about System Boot/Shutdown.
[[0;32m  OK  [0m] Started ebtables ruleset management.
[[0;32m  OK  [0m] Found device /dev/ttyS0.
[[0;32m  OK  [0m] Listening on Load/Save RF Kill Switch Status /dev/rfkill Watch.
[[0;32m  OK  [0m] Started AppArmor initialization.
         Mounting Arbitrary Executable File Formats File System...
         Starting Initial cloud-init job (pre-networking)...
         Starting Load AppArmor profiles managed internally by snapd...
[[0;32m  OK  [0m] Mounted Arbitrary Executable File Formats File System.
[[0;32m  OK  [0m] Started Load AppArmor profiles managed internally by snapd.
[   14.962228] cloud-init[582]: Cloud-init v. 23.1.2-0ubuntu0~18.04.1 running 'init-local' at Tue, 03 Dec 2024 07:45:25 +0000. Up 14.78 seconds.
[[0;32m  OK  [0m] Started Initial cloud-init job (pre-networking).
[[0;32m  OK  [0m] Reached target Network (Pre).
         Starting Network Service...
[[0;32m  OK  [0m] Started Network Service.
         Starting Network Name Resolution...
         Starting Wait for Network to be Configured...
[[0;32m  OK  [0m] Started Network Name Resolution.
[[0;32m  OK  [0m] Reached target Host and Network Name Lookups.
[[0;32m  OK  [0m] Reached target Network.
[[0;32m  OK  [0m] Started Wait for Network to be Configured.
         Starting Initial cloud-init job (metadata service crawler)...
[   17.390821] cloud-init[700]: Cloud-init v. 23.1.2-0ubuntu0~18.04.1 running 'init' at Tue, 03 Dec 2024 07:45:28 +0000. Up 17.23 seconds.
[   17.395248] cloud-init[700]: ci-info: ++++++++++++++++++++++++++++++++++++++Net device info++++++++++++++++++++++++++++++++++++++
[   17.401207] cloud-init[700]: ci-info: +--------+------+----------------------------+---------------+--------+-------------------+
[   17.407509] cloud-init[700]: ci-info: | Device |  Up  |          Address           |      Mask     | Scope  |     Hw-Address    |
[   17.411701] cloud-init[700]: ci-info: +--------+------+----------------------------+---------------+--------+-------------------+
[   17.415742] cloud-init[700]: ci-info: | enp0s3 | True |         10.0.2.15          | 255.255.255.0 | global | 02:3b:7b:b7:3b:2d |
[   17.419809] cloud-init[700]: ci-info: | enp0s3 | True | fd00::3b:7bff:feb7:3b2d/64 |       .       | global | 02:3b:7b:b7:3b:2d |
[   17.423724] cloud-init[700]: ci-info: | enp0s3 | True | fe80::3b:7bff:feb7:3b2d/64 |       .       |  link  | 02:3b:7b:b7:3b:2d |
[   17.428011] cloud-init[700]: ci-info: |   lo   | True |         127.0.0.1          |   255.0.0.0   |  host  |         .         |
[   17.432067] cloud-init[700]: ci-info: |   lo   | True |          ::1/128           |       .       |  host  |         .         |
[   17.436023] cloud-init[700]: ci-info: +--------+------+----------------------------+---------------+--------+-------------------+
[   17.440226] cloud-init[700]: ci-info: ++++++++++++++++++++++++++++Route IPv4 info+++++++++++++++++++++++++++++
[   17.443789] cloud-init[700]: ci-info: +-------+-------------+----------+-----------------+-----------+-------+
[   17.447615] cloud-init[700]: ci-info: | Route | Destination | Gateway  |     Genmask     | Interface | Flags |
[   17.451038] cloud-init[700]: ci-info: +-------+-------------+----------+-----------------+-----------+-------+
[   17.454566] cloud-init[700]: ci-info: |   0   |   0.0.0.0   | 10.0.2.2 |     0.0.0.0     |   enp0s3  |   UG  |
[   17.457947] cloud-init[700]: ci-info: |   1   |   10.0.2.0  | 0.0.0.0  |  255.255.255.0  |   enp0s3  |   U   |
[   17.461482] cloud-init[700]: ci-info: |   2   |   10.0.2.2  | 0.0.0.0  | 255.255.255.255 |   enp0s3  |   UH  |
[   17.465224] cloud-init[700]: ci-info: +-------+-------------+----------+-----------------+-----------+-------+
[   17.468725] cloud-init[700]: ci-info: +++++++++++++++++++Route IPv6 info+++++++++++++++++++
[   17.471567] cloud-init[700]: ci-info: +-------+-------------+---------+-----------+-------+
[   17.474350] cloud-init[700]: ci-info: | Route | Destination | Gateway | Interface | Flags |
[   17.477371] cloud-init[700]: ci-info: +-------+-------------+---------+-----------+-------+
[   17.480332] cloud-init[700]: ci-info: |   1   |  fd00::/64  |    ::   |   enp0s3  |   U   |
[   17.483076] cloud-init[700]: ci-info: |   2   |  fe80::/64  |    ::   |   enp0s3  |   U   |
[   17.485937] cloud-init[700]: ci-info: |   3   |     ::/0    | fe80::2 |   enp0s3  |   UG  |
[   17.488723] cloud-init[700]: ci-info: |   5   |    local    |    ::   |   enp0s3  |   U   |
[   17.494859] cloud-init[700]: ci-info: |   6   |   ff00::/8  |    ::   |   enp0s3  |   U   |
[   17.497537] cloud-init[700]: ci-info: +-------+-------------+---------+-----------+-------+
[   17.693121] cloud-init[700]: Generating public/private rsa key pair.
[   17.695176] cloud-init[700]: Your identification has been saved in /etc/ssh/ssh_host_rsa_key.
[   17.697321] cloud-init[700]: Your public key has been saved in /etc/ssh/ssh_host_rsa_key.pub.
[   17.699609] cloud-init[700]: The key fingerprint is:
[   17.701876] cloud-init[700]: SHA256:moIs7bCuoYjjw3GwGLykB8jPkaAvE5R36+QISytC1CU root@ubuntu-bionic
[   17.705529] cloud-init[700]: The key's randomart image is:
[   17.707864] cloud-init[700]: +---[RSA 2048]----+
[   17.709549] cloud-init[700]: |  oE..           |
[   17.711323] cloud-init[700]: | = o..           |
[   17.713276] cloud-init[700]: |B o o .          |
[   17.715381] cloud-init[700]: |*O o o           |
[   17.717078] cloud-init[700]: |*=X *   S        |
[   17.728828] cloud-init[700]: |BOo* o o         |
[   17.730932] cloud-init[700]: |B+* . o          |
[   17.732491] cloud-init[700]: |=O   .           |
[   17.745644] cloud-init[700]: |X+o              |
[   17.746916] cloud-init[700]: +----[SHA256]-----+
[   17.748326] cloud-init[700]: Generating public/private dsa key pair.
[   17.750118] cloud-init[700]: Your identification has been saved in /etc/ssh/ssh_host_dsa_key.
[   17.752317] cloud-init[700]: Your public key has been saved in /etc/ssh/ssh_host_dsa_key.pub.
[   17.754359] cloud-init[700]: The key fingerprint is:
[   17.755704] cloud-init[700]: SHA256:aJAt4FIdPcc1TwZPBrSMUtgdYG9X5sdZYSHw9vgZdD0 root@ubuntu-bionic
[   17.757990] cloud-init[700]: The key's randomart image is:
[   17.759400] cloud-init[700]: +---[DSA 1024]----+
[   17.760887] cloud-init[700]: |  o..o ++=B=*.o++|
[   17.762029] cloud-init[700]: | o ..o+o++.X.+o.+|
[   17.763350] cloud-init[700]: |. . + oo. = +o.E=|
[   17.764765] cloud-init[700]: | .   o o . .. +.o|
[   17.766370] cloud-init[700]: |      o S    . o |
[   17.768188] cloud-init[700]: |     .        . o|
[   17.769952] cloud-init[700]: |               o |
[   17.771291] cloud-init[700]: |                 |
[   17.772743] cloud-init[700]: |                 |
[   17.773872] cloud-init[700]: +----[SHA256]-----+
[   17.775328] cloud-init[700]: Generating public/private ecdsa key pair.
[   17.777567] cloud-init[700]: Your identification has been saved in /etc/ssh/ssh_host_ecdsa_key.
[   17.780399] cloud-init[700]: Your public key has been saved in /etc/ssh/ssh_host_ecdsa_key.pub.
[   17.782995] cloud-init[700]: The key fingerprint is:
[   17.784621] cloud-init[700]: SHA256:pk3WSt/u0OU7dL1E0W9O/FPbrbTiHU5w5oKLtHk8iAw root@ubuntu-bionic
[   17.787391] cloud-init[700]: The key's randomart image is:
[   17.789256] cloud-init[700]: +---[ECDSA 256]---+
[   17.790670] cloud-init[700]: |                .|
[   17.791984] cloud-init[700]: |               ..|
[   17.793497] cloud-init[700]: |               .o|
[   17.794835] cloud-init[700]: |         .     .*|
[   17.796541] cloud-init[700]: |        S . . =+B|
[   17.798463] cloud-init[700]: |    E  B o + Bo+B|
[   17.800218] cloud-init[700]: |     o..+o+ +o*+o|
[   17.802064] cloud-init[700]: |      o..+++.=++ |
[   17.803727] cloud-init[700]: |        +..++.+. |
[   17.805506] cloud-init[700]: +----[SHA256]-----+
[   17.806984] cloud-init[700]: Generating public/private ed25519 key pair.
[   17.809002] cloud-init[700]: Your identification has been saved in /etc/ssh/ssh_host_ed25519_key.
[   17.811842] cloud-init[700]: Your public key has been saved in /etc/ssh/ssh_host_ed25519_key.pub.
[   17.814414] cloud-init[700]: The key fingerprint is:
[   17.816061] cloud-init[700]: SHA256:PFeYZE234oeM0aZxGCq/YvSJKUTksVpnIsZB/Y0938c root@ubuntu-bionic
[   17.818840] cloud-init[700]: The key's randomart image is:
[   17.820509] cloud-init[700]: +--[ED25519 256]--+
[   17.821953] cloud-init[700]: | .o.o     +o. .  |
[   17.823498] cloud-init[700]: | . +.o   + *.. . |
[   17.825110] cloud-init[700]: |  + *.++. * * .  |
[   17.826729] cloud-init[700]: | . = +o++  @ o   |
[   17.828043] cloud-init[700]: |  . . . So+.+..  |
[   17.829434] cloud-init[700]: |   . . + =. ..E  |
[   17.830882] cloud-init[700]: |    . = +    .   |
[   17.832319] cloud-init[700]: |     o .         |
[   17.833713] cloud-init[700]: |                 |
[   17.834906] cloud-init[700]: +----[SHA256]-----+
[[0;32m  OK  [0m] Started Initial cloud-init job (metadata service crawler).
[[0;32m  OK  [0m] Reached target System Initialization.
[[0;32m  OK  [0m] Listening on UUID daemon activation socket.
[[0;32m  OK  [0m] Started ACPI Events Check.
[[0;32m  OK  [0m] Started Message of the Day.
[[0;32m  OK  [0m] Listening on ACPID Listen Socket.
[[0;32m  OK  [0m] Listening on D-Bus System Message Bus Socket.
[[0;32m  OK  [0m] Started Discard unused blocks once a week.
[[0;32m  OK  [0m] Reached target Paths.
[[0;32m  OK  [0m] Started Ubuntu Advantage Timer for running repeated jobs.
         Starting Socket activation for snappy daemon.
[[0;32m  OK  [0m] Listening on Open-iSCSI iscsid Socket.
[[0;32m  OK  [0m] Started Daily Cleanup of Temporary Directories.
[[0;32m  OK  [0m] Started Daily apt download activities.
[[0;32m  OK  [0m] Started Daily apt upgrade and clean activities.
[[0;32m  OK  [0m] Reached target Timers.
         Starting LXD - unix socket.
[[0;32m  OK  [0m] Listening on cloud-init hotplug hook socket.
[[0;32m  OK  [0m] Reached target Cloud-config availability.
[[0;32m  OK  [0m] Reached target Network is Online.
[[0;32m  OK  [0m] Reached target Remote File Systems (Pre).
[[0;32m  OK  [0m] Reached target Remote File Systems.
         Starting Availability of block devices...
[[0;32m  OK  [0m] Listening on Socket activation for snappy daemon.
[[0;32m  OK  [0m] Listening on LXD - unix socket.
[[0;32m  OK  [0m] Started Availability of block devices.
[[0;32m  OK  [0m] Reached target Sockets.
[[0;32m  OK  [0m] Reached target Basic System.
[[0;32m  OK  [0m] Reached target Login Prompts (Pre).
[[0;32m  OK  [0m] Started FUSE filesystem for LXC.
[[0;32m  OK  [0m] Started irqbalance daemon.
         Starting Accounts Service...
         Starting LXD - container startup/shutdown...
         Starting Login Service...
         Starting LSB: automatic crash report generation...
         Starting Virtualbox guest utils...
[[0;32m  OK  [0m] Started D-Bus System Message Bus.
         Starting LSB: Record successful boot for GRUB...
         Starting Permit User Sessions...
         Starting System Logging Service...
[[0;32m  OK  [0m] Started Regular background program processing daemon.
[[0;32m  OK  [0m] Started Deferred execution scheduler.
         Starting Pollinate to seed the pseudo random number generator...
         Starting Dispatcher daemon for systemd-networkd...
         Starting Snap Daemon...
[[0;32m  OK  [0m] Started System Logging Service.
[[0;32m  OK  [0m] Started LXD - container startup/shutdown.
[[0;32m  OK  [0m] Started Permit User Sessions.
[[0;32m  OK  [0m] Started Login Service.
         Starting Authorization Manager...
[[0;32m  OK  [0m] Started Unattended Upgrades Shutdown.
         Starting Hostname Service...
         Starting Hold until boot process finishes up...
         Starting Terminate Plymouth Boot Screen...
[[0;32m  OK  [0m] Started Hold until boot process finishes up.
         Starting Set console scheme...
[[0;32m  OK  [0m] Started Serial Getty on ttyS0.
[[0;32m  OK  [0m] Started Terminate Plymouth Boot Screen.
[[0;32m  OK  [0m] Started LSB: automatic crash report generation.
[[0;32m  OK  [0m] Started LSB: Record successful boot for GRUB.
[[0;32m  OK  [0m] Started Authorization Manager.
[[0;32m  OK  [0m] Started Accounts Service.
[[0;32m  OK  [0m] Started Set console scheme.
[[0;32m  OK  [0m] Created slice system-getty.slice.
[[0;32m  OK  [0m] Started Getty on tty1.
[[0;32m  OK  [0m] Reached target Login Prompts.
[[0;32m  OK  [0m] Started Hostname Service.
[[0;32m  OK  [0m] Started Virtualbox guest utils.
[[0;32m  OK  [0m] Started Dispatcher daemon for systemd-networkd.
[[0;32m  OK  [0m] Started Snap Daemon.
         Starting Wait until snapd is fully seeded...
         Starting Time & Date Service...
[[0;32m  OK  [0m] Started Time & Date Service.
[[0;32m  OK  [0m] Started Wait until snapd is fully seeded.
         Starting Apply the settings specified in cloud-config...
[[0;32m  OK  [0m] Started Pollinate to seed the pseudo random number generator.
         Starting OpenBSD Secure Shell server...
[[0;32m  OK  [0m] Started OpenBSD Secure Shell server.
[[0;32m  OK  [0m] Created slice User Slice of vagrant.
         Starting User Manager for UID 1000...
[[0;32m  OK  [0m] Started Session 1 of user vagrant.
[[0;32m  OK  [0m] Started User Manager for UID 1000.
[   21.811488] cloud-init[1166]: Cloud-init v. 23.1.2-0ubuntu0~18.04.1 running 'modules:config' at Tue, 03 Dec 2024 07:45:31 +0000. Up 20.84 seconds.
[[0;32m  OK  [0m] Started Apply the settings specified in cloud-config.
[[0;32m  OK  [0m] Reached target Multi-User System.
         Starting Execute cloud user/final scripts...
[[0;32m  OK  [0m] Reached target Graphical Interface.
         Starting Update UTMP about System Runlevel Changes...
[[0;32m  OK  [0m] Started Update UTMP about System Runlevel Changes.
ci-info: no authorized SSH keys fingerprints found for user ubuntu.
<14>Dec  3 07:45:33 cloud-init: #############################################################
<14>Dec  3 07:45:33 cloud-init: -----BEGIN SSH HOST KEY FINGERPRINTS-----
<14>Dec  3 07:45:33 cloud-init: 1024 SHA256:aJAt4FIdPcc1TwZPBrSMUtgdYG9X5sdZYSHw9vgZdD0 root@ubuntu-bionic (DSA)
<14>Dec  3 07:45:33 cloud-init: 256 SHA256:pk3WSt/u0OU7dL1E0W9O/FPbrbTiHU5w5oKLtHk8iAw root@ubuntu-bionic (ECDSA)
<14>Dec  3 07:45:33 cloud-init: 256 SHA256:PFeYZE234oeM0aZxGCq/YvSJKUTksVpnIsZB/Y0938c root@ubuntu-bionic (ED25519)
<14>Dec  3 07:45:33 cloud-init: 2048 SHA256:moIs7bCuoYjjw3GwGLykB8jPkaAvE5R36+QISytC1CU root@ubuntu-bionic (RSA)
<14>Dec  3 07:45:33 cloud-init: -----END SSH HOST KEY FINGERPRINTS-----
<14>Dec  3 07:45:33 cloud-init: #############################################################
-----BEGIN SSH HOST KEY KEYS-----
ecdsa-sha2-nistp256 AAAAE2VjZHNhLXNoYTItbmlzdHAyNTYAAAAIbmlzdHAyNTYAAABBBA/70oZljjbSsEH7zPWk4V12i+o7gB4FCZ5TUz8TuvgzyYlDN7FISvNPT0WarWrufRZrciPRdLiQ7OC2ZtUW/88= root@ubuntu-bionic
ssh-ed25519 AAAAC3NzaC1lZDI1NTE5AAAAIC9II/mPmlezs1+oUFHCx4wwhEJEDB//vMhacd3Ii0ZC root@ubuntu-bionic
ssh-rsa AAAAB3NzaC1yc2EAAAADAQABAAABAQDB4EEB1QxPcl7ade2Q3abjEbck/PVwO0DKn6N/yEIa+nr3dDPMV9enAM7If39j8p0gFVDZ96BAz3c1+5q994aF40ZBuuV0qsGbJFMgGWb6rj6U8qLRAYzgVZoLLc1VAAX4u/mnQipmkFkDt8lAwS6pX9ezPNiNsUO0S8GzGQFdvW67GK7JFqrnbFzfs50TRdSxQSIbxiNUGu4Hhvy8JIhZmwYEekW5btTGQK5UIf2s9Zl8svxcpD7apks87ow4ulKIrO39/NlB2Lfh3OXqXwUyTqlXlpth4AvtWF5ZfIVw8NdoIfAddNkhFb63AmNHD4F3IDciFNvXjH1iizLOayBd root@ubuntu-bionic
-----END SSH HOST KEY KEYS-----
[   22.945967] cloud-init[1315]: Cloud-init v. 23.1.2-0ubuntu0~18.04.1 running 'modules:final' at Tue, 03 Dec 2024 07:45:33 +0000. Up 22.47 seconds.
[   22.955680] cloud-init[1315]: Cloud-init v. 23.1.2-0ubuntu0~18.04.1 finished at Tue, 03 Dec 2024 07:45:33 +0000. Datasource DataSourceNoCloud [seed=/dev/sdb][dsmode=net].  Up 22.93 seconds
[[0;32m  OK  [0m] Started Execute cloud user/final scripts.
[[0;32m  OK  [0m] Reached target Cloud-init target.

Ubuntu 18.04.6 LTS ubuntu-bionic ttyS0

ubuntu-bionic login: 